<?xml version="1.0" encoding="UTF-8"?>
<!-- Generated by org.testng.reporters.JUnitXMLReporter -->
<testsuite ignored="2" hostname="BALA" failures="0" tests="1" name="Test(failed)(failed)" time="0.076" errors="0" timestamp="2023-04-26T13:36:58 IST">
  <testcase classname="com.actime.testscript.CustomerModule" name="createModule" time="0.022"/>
  <testcase classname="com.actime.testscript.CustomerModule" name="deleteCustomer" time="0.0">
    <ignored/>
  </testcase> <!-- deleteCustomer -->
  <testcase classname="com.actime.testscript.CustomerModule" name="modifyCustomer" time="0.0">
    <ignored/>
  </testcase> <!-- modifyCustomer -->
</testsuite> <!-- Test(failed)(failed) -->
